<?xml version="1.0" encoding="UTF-8" ?>
<testsuite tests="2" failures="1" name="evolutiongaminghometask.runner.RunCucumberTest" time="39.808" errors="0" skipped="1">
  <properties>
    <property name="java.runtime.name" value="Java(TM) SE Runtime Environment"/>
    <property name="sun.boot.library.path" value="C:\Program Files\Java\jdk1.8.0_171\jre\bin"/>
    <property name="java.vm.version" value="25.171-b11"/>
    <property name="user.country.format" value="UA"/>
    <property name="java.vm.vendor" value="Oracle Corporation"/>
    <property name="maven.multiModuleProjectDirectory" value="C:\Users\anna.shabalina\Downloads\evolutiongaminghometask"/>
    <property name="java.vendor.url" value="http://java.oracle.com/"/>
    <property name="path.separator" value=";"/>
    <property name="guice.disable.misplaced.annotation.check" value="true"/>
    <property name="java.vm.name" value="Java HotSpot(TM) 64-Bit Server VM"/>
    <property name="file.encoding.pkg" value="sun.io"/>
    <property name="user.script" value=""/>
    <property name="user.country" value="US"/>
    <property name="sun.java.launcher" value="SUN_STANDARD"/>
    <property name="sun.os.patch.level" value=""/>
    <property name="java.vm.specification.name" value="Java Virtual Machine Specification"/>
    <property name="user.dir" value="C:\Users\anna.shabalina\Downloads\evolutiongaminghometask"/>
    <property name="java.runtime.version" value="1.8.0_171-b11"/>
    <property name="java.awt.graphicsenv" value="sun.awt.Win32GraphicsEnvironment"/>
    <property name="java.endorsed.dirs" value="C:\Program Files\Java\jdk1.8.0_171\jre\lib\endorsed"/>
    <property name="os.arch" value="amd64"/>
    <property name="java.io.tmpdir" value="C:\Users\ANNA~1.SHA\AppData\Local\Temp\"/>
    <property name="line.separator" value="
"/>
    <property name="java.vm.specification.vendor" value="Oracle Corporation"/>
    <property name="user.variant" value=""/>
    <property name="os.name" value="Windows 10"/>
    <property name="classworlds.conf" value="D:\apache-maven-3.5.3\bin\..\bin\m2.conf"/>
    <property name="sun.jnu.encoding" value="Cp1251"/>
    <property name="java.library.path" value="C:\Program Files\Java\jdk1.8.0_171\bin;C:\Windows\Sun\Java\bin;C:\Windows\system32;C:\Windows;C:\Program Files (x86)\Common Files\Oracle\Java\javapath;C:\Windows\system32;C:\Windows;C:\Windows\System32\Wbem;C:\Windows\System32\WindowsPowerShell\v1.0\;C:\Windows\CCM;C:\Program Files\nodejs\;C:\Program Files (x86)\Microsoft SQL Server\Client SDK\ODBC\130\Tools\Binn\;C:\Program Files (x86)\Microsoft SQL Server\140\Tools\Binn\;C:\Program Files (x86)\Microsoft SQL Server\140\DTS\Binn\;C:\Program Files (x86)\Microsoft SQL Server\140\Tools\Binn\ManagementStudio\;C:\Program Files\Microsoft VS Code\bin;C:\Users\anna.shabalina\AppData\Roaming\npm;C:\Program Files\Java\jdk1.8.0_171\bin;D:\apache-maven-3.5.3\bin;."/>
    <property name="maven.conf" value="D:\apache-maven-3.5.3\bin\../conf"/>
    <property name="java.specification.name" value="Java Platform API Specification"/>
    <property name="java.class.version" value="52.0"/>
    <property name="sun.management.compiler" value="HotSpot 64-Bit Tiered Compilers"/>
    <property name="os.version" value="10.0"/>
    <property name="library.jansi.path" value="D:\apache-maven-3.5.3\bin\..\lib\jansi-native"/>
    <property name="user.home" value="C:\Users\anna.shabalina"/>
    <property name="user.timezone" value="Europe/Helsinki"/>
    <property name="java.awt.printerjob" value="sun.awt.windows.WPrinterJob"/>
    <property name="java.specification.version" value="1.8"/>
    <property name="file.encoding" value="Cp1251"/>
    <property name="user.name" value="Anna.Shabalina"/>
    <property name="java.class.path" value="D:\apache-maven-3.5.3\bin\..\boot\plexus-classworlds-2.5.2.jar"/>
    <property name="java.vm.specification.version" value="1.8"/>
    <property name="sun.arch.data.model" value="64"/>
    <property name="java.home" value="C:\Program Files\Java\jdk1.8.0_171\jre"/>
    <property name="sun.java.command" value="org.codehaus.plexus.classworlds.launcher.Launcher clean test"/>
    <property name="java.specification.vendor" value="Oracle Corporation"/>
    <property name="user.language" value="en"/>
    <property name="user.language.format" value="uk"/>
    <property name="awt.toolkit" value="sun.awt.windows.WToolkit"/>
    <property name="java.vm.info" value="mixed mode"/>
    <property name="java.version" value="1.8.0_171"/>
    <property name="java.ext.dirs" value="C:\Program Files\Java\jdk1.8.0_171\jre\lib\ext;C:\Windows\Sun\Java\lib\ext"/>
    <property name="sun.boot.class.path" value="C:\Program Files\Java\jdk1.8.0_171\jre\lib\resources.jar;C:\Program Files\Java\jdk1.8.0_171\jre\lib\rt.jar;C:\Program Files\Java\jdk1.8.0_171\jre\lib\sunrsasign.jar;C:\Program Files\Java\jdk1.8.0_171\jre\lib\jsse.jar;C:\Program Files\Java\jdk1.8.0_171\jre\lib\jce.jar;C:\Program Files\Java\jdk1.8.0_171\jre\lib\charsets.jar;C:\Program Files\Java\jdk1.8.0_171\jre\lib\jfr.jar;C:\Program Files\Java\jdk1.8.0_171\jre\classes"/>
    <property name="sun.stderr.encoding" value="cp866"/>
    <property name="java.vendor" value="Oracle Corporation"/>
    <property name="maven.home" value="D:\apache-maven-3.5.3\bin\.."/>
    <property name="file.separator" value="\"/>
    <property name="java.vendor.url.bug" value="http://bugreport.sun.com/bugreport/"/>
    <property name="sun.cpu.endian" value="little"/>
    <property name="sun.io.unicode.encoding" value="UnicodeLittle"/>
    <property name="sun.stdout.encoding" value="cp866"/>
    <property name="sun.desktop" value="windows"/>
    <property name="sun.cpu.isalist" value="amd64"/>
  </properties>
  <testcase classname="Add severeal ads to list of favourites" name="I add an ad to list of Favourites from the details page on the add" time="17.128">
    <skipped/>
    <system-out>Feature: Add severeal ads to list of favourites
  Go to any category, list ads, select top three ads and add them to favorites

  Scenario: I add an ad to list of Favourites from the details page on the add &amp;#27;[90m# src/test/resources/evolutiongaminghometask/add_several_items_to_favorites_from_announcements_list.feature:4&amp;#27;[0m
    &amp;#27;[32mGiven &amp;#27;[0m&amp;#27;[32mI am on &quot;&amp;#27;[0m&amp;#27;[32m&amp;#27;[1manimals/dogs&amp;#27;[0m&amp;#27;[32m&quot; page&amp;#27;[0m                                          &amp;#27;[90m# CommonStepDefinitions.i_am_on_page(String)&amp;#27;[0m
    &amp;#27;[32mWhen &amp;#27;[0m&amp;#27;[32mI select &amp;#27;[0m&amp;#27;[32m&amp;#27;[1m3&amp;#27;[0m&amp;#27;[32m items&amp;#27;[0m                                                      &amp;#27;[90m# AnnouncementsListStepDefinitions.i_select_items(int)&amp;#27;[0m
    &amp;#27;[32mAnd &amp;#27;[0m&amp;#27;[32mI click on &quot;&amp;#27;[0m&amp;#27;[32m&amp;#27;[1mPievienot izv?l?tos Memo&amp;#27;[0m&amp;#27;[32m&quot; from Announcements list page&amp;#27;[0m     &amp;#27;[90m# AnnouncementsListStepDefinitions.i_click_on_from_Announcements_list_page(String)&amp;#27;[0m
    &amp;#27;[32mAnd &amp;#27;[0m&amp;#27;[32mI open &amp;#27;[0m&amp;#27;[32m&amp;#27;[1mMemo&amp;#27;[0m&amp;#27;[32m page from header&amp;#27;[0m                                           &amp;#27;[90m# HeaderPageStepDefinitions.i_open_page_from_header(String)&amp;#27;[0m
    &amp;#27;[33mThen &amp;#27;[0m&amp;#27;[33m&quot;Memo&quot; page opens&amp;#27;[0m                                                     &amp;#27;[90m# null&amp;#27;[0m
    &amp;#27;[36mAnd &amp;#27;[0m&amp;#27;[36msee selected ads there&amp;#27;[0m                                                 &amp;#27;[90m# MemoPageStepDefinitions.see_selected_ad_there()&amp;#27;[0m
</system-out>
    <system-err>Starting ChromeDriver 2.44.609538 (b655c5a60b0b544917107a59d4153d4bf78e1b90) on port 30836
Only local connections are allowed.
[1544534542.343][WARNING]: Timed out connecting to Chrome, retrying...
груд. 11, 2018 3:22:24 PM org.openqa.selenium.remote.ProtocolHandshake createSession
INFO: Detected dialect: OSS
[1544534546.448][WARNING]: Timed out connecting to Chrome, retrying...
</system-err>
  </testcase>
  <testcase classname="Add a single ad to list of favourites" name="I add an ad to list of Favourites from the details page on the add" time="22.68">
    <failure message="expected:&lt;1&gt; but was:&lt;4&gt;" type="java.lang.AssertionError">java.lang.AssertionError: expected:&lt;1&gt; but was:&lt;4&gt;
	at org.junit.Assert.fail(Assert.java:88)
	at org.junit.Assert.failNotEquals(Assert.java:834)
	at org.junit.Assert.assertEquals(Assert.java:645)
	at org.junit.Assert.assertEquals(Assert.java:631)
	at evolutiongaminghometask.step_definitions.MemoPageStepDefinitions.see_selected_ad_there(MemoPageStepDefinitions.java:24)
	at ✽.see selected ad there(src/test/resources/evolutiongaminghometask/add_to_favorites_from_ad_details_page.feature:15)
</failure>
    <system-out>
Feature: Add a single ad to list of favourites
  Go to any category, search for an ad, open it, scroll down to see “Add to favorites”. Once you click it, it gets added to the “Memo&quot; section (on the top in the header menu).

  Scenario: I add an ad to list of Favourites from the details page on the add &amp;#27;[90m# src/test/resources/evolutiongaminghometask/add_to_favorites_from_ad_details_page.feature:4&amp;#27;[0m
    &amp;#27;[32mGiven &amp;#27;[0m&amp;#27;[32mI am on &quot;&amp;#27;[0m&amp;#27;[32m&amp;#27;[1manimals/dogs&amp;#27;[0m&amp;#27;[32m&quot; page&amp;#27;[0m                                          &amp;#27;[90m# CommonStepDefinitions.i_am_on_page(String)&amp;#27;[0m
    &amp;#27;[32mWhen &amp;#27;[0m&amp;#27;[32mI set &amp;#27;[0m&amp;#27;[32m&amp;#27;[1mAge&amp;#27;[0m&amp;#27;[32m filter param to &amp;#27;[0m&amp;#27;[32m&amp;#27;[1m0&amp;#27;[0m&amp;#27;[32m - &amp;#27;[0m&amp;#27;[32m&amp;#27;[1m1&amp;#27;[0m                                       &amp;#27;[90m# SearchStepDefinitions.i_set_filter_param_to(String,String,String)&amp;#27;[0m
    &amp;#27;[32mAnd &amp;#27;[0m&amp;#27;[32mI set &amp;#27;[0m&amp;#27;[32m&amp;#27;[1mPrice&amp;#27;[0m&amp;#27;[32m filter param to &amp;#27;[0m&amp;#27;[32m&amp;#27;[1m0&amp;#27;[0m&amp;#27;[32m - &amp;#27;[0m&amp;#27;[32m&amp;#27;[1m100&amp;#27;[0m                                    &amp;#27;[90m# SearchStepDefinitions.i_set_filter_param_to(String,String,String)&amp;#27;[0m
    &amp;#27;[32mAnd &amp;#27;[0m&amp;#27;[32mI click Search&amp;#27;[0m                                                         &amp;#27;[90m# SearchStepDefinitions.i_click_Search()&amp;#27;[0m
    &amp;#27;[32mAnd &amp;#27;[0m&amp;#27;[32mI click on first ad in the list&amp;#27;[0m                                        &amp;#27;[90m# AnnouncementsListStepDefinitions.i_click_on_first_ad_in_the_list()&amp;#27;[0m
    &amp;#27;[32mAnd &amp;#27;[0m&amp;#27;[32mI click on &quot;&amp;#27;[0m&amp;#27;[32m&amp;#27;[1mAdd to favorites&amp;#27;[0m&amp;#27;[32m&quot; from details of the ad&amp;#27;[0m                   &amp;#27;[90m# AnnouncementDetailsStepDefinitions.i_click_on_from_details_of_the_ad(String)&amp;#27;[0m
    &amp;#27;[32mAnd &amp;#27;[0m&amp;#27;[32mI open &amp;#27;[0m&amp;#27;[32m&amp;#27;[1mMemo&amp;#27;[0m&amp;#27;[32m page from header&amp;#27;[0m                                           &amp;#27;[90m# HeaderPageStepDefinitions.i_open_page_from_header(String)&amp;#27;[0m
    &amp;#27;[31mThen &amp;#27;[0m&amp;#27;[31msee selected ad there&amp;#27;[0m                                                 &amp;#27;[90m# MemoPageStepDefinitions.see_selected_ad_there()&amp;#27;[0m
      &amp;#27;[31mjava.lang.AssertionError: expected:&lt;1&gt; but was:&lt;4&gt;
	at org.junit.Assert.fail(Assert.java:88)
	at org.junit.Assert.failNotEquals(Assert.java:834)
	at org.junit.Assert.assertEquals(Assert.java:645)
	at org.junit.Assert.assertEquals(Assert.java:631)
	at evolutiongaminghometask.step_definitions.MemoPageStepDefinitions.see_selected_ad_there(MemoPageStepDefinitions.java:24)
	at ?.see selected ad there(src/test/resources/evolutiongaminghometask/add_to_favorites_from_ad_details_page.feature:15)
&amp;#27;[0m
</system-out>
    <system-err>Starting ChromeDriver 2.44.609538 (b655c5a60b0b544917107a59d4153d4bf78e1b90) on port 35264
Only local connections are allowed.
[1544534558.403][WARNING]: Timed out connecting to Chrome, retrying...
груд. 11, 2018 3:22:40 PM org.openqa.selenium.remote.ProtocolHandshake createSession
INFO: Detected dialect: OSS
[1544534562.471][WARNING]: Timed out connecting to Chrome, retrying...
</system-err>
  </testcase>
</testsuite>